Library/Bee/Android/Prj/IL2CPP/Gradle/launcher/build/intermediates/manifest_merge_blame_file/release/manifest-merger-blame-release-report.txt
1<?xml version="1.0" encoding="utf-8"?>
2<manifest xmlns:android="http://schemas.android.com/apk/res/android"
3    package="com.MollyTest.MyTestScene"
4    android:installLocation="preferExternal"
5    android:versionCode="1"
6    android:versionName="0.1" >
7
8    <uses-sdk
9        android:minSdkVersion="22"
9-->src/main/AndroidManifest.xml
10        android:targetSdkVersion="30" />
10-->src/main/AndroidManifest.xml
11
12    <supports-screens
12-->src/main/AndroidManifest.xml:3:3-163
13        android:anyDensity="true"
13-->src/main/AndroidManifest.xml:3:135-160
14        android:largeScreens="true"
14-->src/main/AndroidManifest.xml:3:78-105
15        android:normalScreens="true"
15-->src/main/AndroidManifest.xml:3:49-77
16        android:smallScreens="true"
16-->src/main/AndroidManifest.xml:3:21-48
17        android:xlargeScreens="true" />
17-->src/main/AndroidManifest.xml:3:106-134
18
19    <uses-feature android:glEsVersion="0x00030000" />
19-->[:unityLibrary] AndroidManifest.xml:12:5-54
19-->[:unityLibrary] AndroidManifest.xml:12:19-51
20    <uses-feature
20-->[:unityLibrary] AndroidManifest.xml:13:5-15:36
21        android:name="android.hardware.vulkan.version"
21-->[:unityLibrary] AndroidManifest.xml:14:9-55
22        android:required="false" />
22-->[:unityLibrary] AndroidManifest.xml:15:9-33
23
24    <uses-permission android:name="android.permission.INTERNET" />
24-->[:unityLibrary] AndroidManifest.xml:17:5-67
24-->[:unityLibrary] AndroidManifest.xml:17:22-64
25
26    <uses-feature
26-->[:unityLibrary] AndroidManifest.xml:19:5-21:36
27        android:name="android.hardware.touchscreen"
27-->[:unityLibrary] AndroidManifest.xml:20:9-52
28        android:required="false" />
28-->[:unityLibrary] AndroidManifest.xml:21:9-33
29    <uses-feature
29-->[:unityLibrary] AndroidManifest.xml:22:5-24:36
30        android:name="android.hardware.touchscreen.multitouch"
30-->[:unityLibrary] AndroidManifest.xml:23:9-63
31        android:required="false" />
31-->[:unityLibrary] AndroidManifest.xml:24:9-33
32    <uses-feature
32-->[:unityLibrary] AndroidManifest.xml:25:5-27:36
33        android:name="android.hardware.touchscreen.multitouch.distinct"
33-->[:unityLibrary] AndroidManifest.xml:26:9-72
34        android:required="false" />
34-->[:unityLibrary] AndroidManifest.xml:27:9-33
35    <uses-feature
35-->[:unityLibrary] AndroidManifest.xml:28:5-31:31
36        android:name="android.hardware.vr.headtracking"
36-->[:unityLibrary] AndroidManifest.xml:29:9-56
37        android:required="true"
37-->[:unityLibrary] AndroidManifest.xml:30:9-32
38        android:version="1" />
38-->[:unityLibrary] AndroidManifest.xml:31:9-28
39
40    <uses-permission android:name="com.oculus.permission.HAND_TRACKING" />
40-->[:unityLibrary] AndroidManifest.xml:33:5-75
40-->[:unityLibrary] AndroidManifest.xml:33:22-72
41
42    <uses-feature
42-->[:unityLibrary] AndroidManifest.xml:35:5-37:36
43        android:name="oculus.software.handtracking"
43-->[:unityLibrary] AndroidManifest.xml:36:9-52
44        android:required="false" />
44-->[:unityLibrary] AndroidManifest.xml:37:9-33
45
46    <application
46-->src/main/AndroidManifest.xml:4:3-83
47        android:extractNativeLibs="true"
47-->[:unityLibrary] AndroidManifest.xml:39:18-50
48        android:icon="@mipmap/app_icon"
48-->src/main/AndroidManifest.xml:4:49-80
49        android:label="@string/app_name" >
49-->src/main/AndroidManifest.xml:4:16-48
50        <activity
50-->[:unityLibrary] AndroidManifest.xml:40:9-64:20
51            android:name="com.unity3d.player.UnityPlayerActivity"
51-->[:unityLibrary] AndroidManifest.xml:41:13-66
52            android:configChanges="mcc|mnc|locale|touchscreen|keyboard|keyboardHidden|navigation|orientation|screenLayout|uiMode|screenSize|smallestScreenSize|fontScale|layoutDirection|density"
52-->[:unityLibrary] AndroidManifest.xml:42:13-194
53            android:hardwareAccelerated="false"
53-->[:unityLibrary] AndroidManifest.xml:43:13-48
54            android:launchMode="singleTask"
54-->[:unityLibrary] AndroidManifest.xml:44:13-44
55            android:resizeableActivity="false"
55-->[:unityLibrary] AndroidManifest.xml:45:13-47
56            android:screenOrientation="fullSensor"
56-->[:unityLibrary] AndroidManifest.xml:46:13-51
57            android:theme="@style/UnityThemeSelector" >
57-->[:unityLibrary] AndroidManifest.xml:47:13-54
58            <intent-filter>
58-->[:unityLibrary] AndroidManifest.xml:48:13-53:29
59                <action android:name="android.intent.action.MAIN" />
59-->[:unityLibrary] AndroidManifest.xml:49:17-69
59-->[:unityLibrary] AndroidManifest.xml:49:25-66
60
61                <category android:name="android.intent.category.LAUNCHER" />
61-->[:unityLibrary] AndroidManifest.xml:51:17-77
61-->[:unityLibrary] AndroidManifest.xml:51:27-74
62                <category android:name="com.oculus.intent.category.VR" />
62-->[:unityLibrary] AndroidManifest.xml:52:17-74
62-->[:unityLibrary] AndroidManifest.xml:52:27-71
63            </intent-filter>
64
65            <meta-data
65-->[:unityLibrary] AndroidManifest.xml:55:13-57:40
66                android:name="unityplayer.UnityActivity"
66-->[:unityLibrary] AndroidManifest.xml:56:17-57
67                android:value="true" />
67-->[:unityLibrary] AndroidManifest.xml:57:17-37
68            <meta-data
68-->[:unityLibrary] AndroidManifest.xml:58:13-60:40
69                android:name="android.notch_support"
69-->[:unityLibrary] AndroidManifest.xml:59:17-53
70                android:value="true" />
70-->[:unityLibrary] AndroidManifest.xml:60:17-37
71            <meta-data
71-->[:unityLibrary] AndroidManifest.xml:61:13-63:40
72                android:name="com.oculus.vr.focusaware"
72-->[:unityLibrary] AndroidManifest.xml:62:17-56
73                android:value="true" />
73-->[:unityLibrary] AndroidManifest.xml:63:17-37
74        </activity>
75
76        <meta-data
76-->[:unityLibrary] AndroidManifest.xml:66:9-68:33
77            android:name="unity.splash-mode"
77-->[:unityLibrary] AndroidManifest.xml:67:13-45
78            android:value="0" />
78-->[:unityLibrary] AndroidManifest.xml:68:13-30
79        <meta-data
79-->[:unityLibrary] AndroidManifest.xml:69:9-71:36
80            android:name="unity.splash-enable"
80-->[:unityLibrary] AndroidManifest.xml:70:13-47
81            android:value="True" />
81-->[:unityLibrary] AndroidManifest.xml:71:13-33
82        <meta-data
82-->[:unityLibrary] AndroidManifest.xml:72:9-74:36
83            android:name="unity.launch-fullscreen"
83-->[:unityLibrary] AndroidManifest.xml:73:13-51
84            android:value="True" />
84-->[:unityLibrary] AndroidManifest.xml:74:13-33
85        <meta-data
85-->[:unityLibrary] AndroidManifest.xml:75:9-77:37
86            android:name="unity.allow-resizable-window"
86-->[:unityLibrary] AndroidManifest.xml:76:13-56
87            android:value="False" />
87-->[:unityLibrary] AndroidManifest.xml:77:13-34
88        <meta-data
88-->[:unityLibrary] AndroidManifest.xml:78:9-80:50
89            android:name="notch.config"
89-->[:unityLibrary] AndroidManifest.xml:79:13-40
90            android:value="portrait|landscape" />
90-->[:unityLibrary] AndroidManifest.xml:80:13-47
91        <meta-data
91-->[:unityLibrary] AndroidManifest.xml:81:9-83:52
92            android:name="com.oculus.supportedDevices"
92-->[:unityLibrary] AndroidManifest.xml:82:13-55
93            android:value="quest|quest2|cambria" />
93-->[:unityLibrary] AndroidManifest.xml:83:13-49
94    </application>
95
96</manifest>